2025-01-14 10:01:22  Microsoft-Windows-Security-Auditing 4625
An account failed to log on.
Account Name: john
Workstation Name: DESKTOP-PC1
Source Network Address: 192.168.1.20
Failure Reason: Unknown user name or bad password.

2025-01-14 10:01:24  Microsoft-Windows-Security-Auditing 4625
An account failed to log on.
Account Name: admin
Workstation Name: DESKTOP-PC1
Source Network Address: 192.168.1.20
Failure Reason: Wrong password.

2025-01-14 10:01:28  Microsoft-Windows-Security-Auditing 4625
An account failed to log on.
Account Name: admin
Workstation Name: DESKTOP-PC1
Source Network Address: 192.168.1.20
Failure Reason: Wrong password.

2025-01-14 10:01:30  Microsoft-Windows-Security-Auditing 4625
An account failed to log on.
Account Name: admin
Workstation Name: DESKTOP-PC1
Source Network Address: 192.168.1.20
Failure Reason: Wrong password.
